[2021-07-27 20:26:36][debug] ----------------------------------------------------------------------------------------------
[2021-07-27 20:26:36][debug] 框架启动.
[2021-07-27 20:27:13][debug] ----------------------------------------------------------------------------------------------
[2021-07-27 20:27:13][debug] 框架启动.
[2021-07-27 20:27:28][debug] 出现异常: Error: Class 'ZipArchive' not found in /Users/ankio/Documents/OneDriver/OneDrive - Sacred Heart School/Sync/SourceCode/PHP/ClearPHP2.0/src/vendor/release/Zip.php:19

[2021-07-27 20:27:28][debug] 退出框架，总耗时: 14102.936983109ms
[2021-07-27 20:27:46][debug] ----------------------------------------------------------------------------------------------
[2021-07-27 20:27:46][debug] 框架启动.
[2021-07-27 20:27:49][info] 程序调用退出: 命令行执行完毕
[2021-07-27 20:27:49][debug] 程序调用退出: 命令行执行完毕
[2021-07-27 20:27:49][debug] 退出框架，总耗时: 2378.7109851837ms
[2021-07-27 20:27:53][debug] ----------------------------------------------------------------------------------------------
[2021-07-27 20:27:53][debug] 框架启动.
[2021-07-27 20:27:57][debug] 出现异常: Error: Class 'ZipArchive' not found in /Users/ankio/Documents/OneDriver/OneDrive - Sacred Heart School/Sync/SourceCode/PHP/ClearPHP2.0/src/vendor/release/Zip.php:19

[2021-07-27 20:27:57][debug] 退出框架，总耗时: 4864.2411231995ms
[2021-07-27 20:54:05][debug] ----------------------------------------------------------------------------------------------
[2021-07-27 20:54:05][debug] 框架启动.
[2021-07-27 20:54:09][info] 程序调用退出: 命令行执行完毕
[2021-07-27 20:54:09][debug] 程序调用退出: 命令行执行完毕
[2021-07-27 20:54:09][debug] 退出框架，总耗时: 4460.8600139618ms
