[2021-07-27 20:26:36][debug] 加载 "app\vendor\debug\Error"
[2021-07-27 20:26:36][debug] 加载 "app\vendor\event\EventManager"
[2021-07-27 20:26:36][debug] 加载 "app\vendor\debug\StringUtil"
[2021-07-27 20:26:36][debug] 加载 "app\vendor\core\Clean"
[2021-07-27 20:26:36][debug] 加载 "app\vendor\release\Release"
[2021-07-27 20:26:36][debug] 加载 "app\vendor\release\FileCheck"
[2021-07-27 20:27:13][debug] 加载 "app\vendor\debug\Error"
[2021-07-27 20:27:13][debug] 加载 "app\vendor\event\EventManager"
[2021-07-27 20:27:13][debug] 加载 "app\vendor\debug\StringUtil"
[2021-07-27 20:27:13][debug] 加载 "app\vendor\core\Clean"
[2021-07-27 20:27:13][debug] 加载 "app\vendor\release\Release"
[2021-07-27 20:27:13][debug] 加载 "app\vendor\release\FileCheck"
[2021-07-27 20:27:18][debug] 加载 "app\vendor\release\File"
[2021-07-27 20:27:27][debug] 加载 "app\vendor\release\Zip"
[2021-07-27 20:27:27][debug] 默认加载器找不到指定类 "ZipArchive"(/Users/ankio/Documents/OneDriver/OneDrive - Sacred Heart School/Sync/SourceCode/PHP/ClearPHP2.0/src//ZipArchive.php) , 它可能由第三方类的自动加载器提供。
[2021-07-27 20:27:46][debug] 加载 "app\vendor\debug\Error"
[2021-07-27 20:27:46][debug] 加载 "app\vendor\event\EventManager"
[2021-07-27 20:27:46][debug] 加载 "app\vendor\debug\StringUtil"
[2021-07-27 20:27:46][debug] 加载 "app\vendor\core\Clean"
[2021-07-27 20:27:46][debug] 加载 "app\vendor\release\Release"
[2021-07-27 20:27:46][debug] 加载 "app\vendor\release\FileCheck"
[2021-07-27 20:27:53][debug] 加载 "app\vendor\debug\Error"
[2021-07-27 20:27:53][debug] 加载 "app\vendor\event\EventManager"
[2021-07-27 20:27:53][debug] 加载 "app\vendor\debug\StringUtil"
[2021-07-27 20:27:53][debug] 加载 "app\vendor\core\Clean"
[2021-07-27 20:27:53][debug] 加载 "app\vendor\release\Release"
[2021-07-27 20:27:53][debug] 加载 "app\vendor\release\FileCheck"
[2021-07-27 20:27:56][debug] 加载 "app\vendor\release\File"
[2021-07-27 20:27:57][debug] 加载 "app\vendor\release\Zip"
[2021-07-27 20:27:57][debug] 默认加载器找不到指定类 "ZipArchive"(/Users/ankio/Documents/OneDriver/OneDrive - Sacred Heart School/Sync/SourceCode/PHP/ClearPHP2.0/src//ZipArchive.php) , 它可能由第三方类的自动加载器提供。
[2021-07-27 20:54:05][debug] 加载 "app\vendor\debug\Error"
[2021-07-27 20:54:05][debug] 加载 "app\vendor\event\EventManager"
[2021-07-27 20:54:05][debug] 加载 "app\vendor\debug\StringUtil"
[2021-07-27 20:54:05][debug] 加载 "app\vendor\core\Clean"
[2021-07-27 20:54:05][debug] 加载 "app\vendor\release\Release"
[2021-07-27 20:54:05][debug] 加载 "app\vendor\release\FileCheck"
