[2021-06-28 09:46:12][debug] ----------------------------------------------------------------------------------------------
[2021-06-28 09:46:12][debug] 框架启动.
[2021-06-28 09:46:56][info] 程序调用退出: 命令行执行完毕
[2021-06-28 09:46:56][debug] 程序调用退出: 命令行执行完毕
[2021-06-28 09:46:56][debug] 退出框架，总耗时: 43634.775876999ms
[2021-06-28 09:57:18][debug] ----------------------------------------------------------------------------------------------
[2021-06-28 09:57:18][debug] 框架启动.
[2021-06-28 09:57:44][debug] ----------------------------------------------------------------------------------------------
[2021-06-28 09:57:44][debug] 框架启动.
[2021-06-28 09:57:44][info] 程序调用退出: 命令行执行完毕
[2021-06-28 09:57:44][debug] 程序调用退出: 命令行执行完毕
[2021-06-28 09:57:44][debug] 退出框架，总耗时: 148.3850479126ms
[2021-06-28 09:58:12][debug] ----------------------------------------------------------------------------------------------
[2021-06-28 09:58:12][debug] 框架启动.
[2021-06-28 09:58:33][info] 程序调用退出: 命令行执行完毕
[2021-06-28 09:58:33][debug] 程序调用退出: 命令行执行完毕
[2021-06-28 09:58:33][debug] 退出框架，总耗时: 21148.694038391ms
[2021-06-28 10:01:14][debug] ----------------------------------------------------------------------------------------------
[2021-06-28 10:01:14][debug] 框架启动.
[2021-06-28 10:01:26][info] 程序调用退出: 命令行执行完毕
[2021-06-28 10:01:26][debug] 程序调用退出: 命令行执行完毕
[2021-06-28 10:01:26][debug] 退出框架，总耗时: 12289.628982544ms
[2021-06-28 10:05:46][debug] ----------------------------------------------------------------------------------------------
[2021-06-28 10:05:46][debug] 框架启动.
[2021-06-28 10:06:02][info] 程序调用退出: 命令行执行完毕
[2021-06-28 10:06:02][debug] 程序调用退出: 命令行执行完毕
[2021-06-28 10:06:02][debug] 退出框架，总耗时: 15920.05109787ms
[2021-06-28 10:10:38][debug] ----------------------------------------------------------------------------------------------
[2021-06-28 10:10:38][debug] 框架启动.
[2021-06-28 10:10:38][info] 程序调用退出: 命令行执行完毕
[2021-06-28 10:10:38][debug] 程序调用退出: 命令行执行完毕
[2021-06-28 10:10:38][debug] 退出框架，总耗时: 186.86580657959ms
