[2021-06-28 09:46:12][debug] 加载 "app\vendor\debug\Error"
[2021-06-28 09:46:12][debug] 加载 "app\vendor\event\EventManager"
[2021-06-28 09:46:12][debug] 加载 "app\vendor\debug\StringUtil"
[2021-06-28 09:46:12][debug] 加载 "app\vendor\core\Clean"
[2021-06-28 09:46:12][debug] 加载 "app\vendor\release\Release"
[2021-06-28 09:46:12][debug] 加载 "app\vendor\release\FileCheck"
[2021-06-28 09:46:15][debug] 加载 "app\vendor\release\File"
[2021-06-28 09:46:56][debug] 加载 "app\vendor\release\Zip"
[2021-06-28 09:57:18][debug] 加载 "app\vendor\debug\Error"
[2021-06-28 09:57:18][debug] 加载 "app\vendor\event\EventManager"
[2021-06-28 09:57:18][debug] 加载 "app\vendor\debug\StringUtil"
[2021-06-28 09:57:18][debug] 加载 "app\vendor\core\Clean"
[2021-06-28 09:57:18][debug] 加载 "app\vendor\release\Release"
[2021-06-28 09:57:18][debug] 加载 "app\vendor\release\FileCheck"
[2021-06-28 09:57:44][debug] 加载 "app\vendor\debug\Error"
[2021-06-28 09:57:44][debug] 加载 "app\vendor\event\EventManager"
[2021-06-28 09:57:44][debug] 加载 "app\vendor\debug\StringUtil"
[2021-06-28 09:57:44][debug] 加载 "app\vendor\core\Clean"
[2021-06-28 09:57:44][debug] 加载 "app\vendor\release\Release"
[2021-06-28 09:57:44][debug] 加载 "app\vendor\release\File"
[2021-06-28 09:57:44][debug] 加载 "app\vendor\release\Zip"
[2021-06-28 09:58:12][debug] 加载 "app\vendor\debug\Error"
[2021-06-28 09:58:12][debug] 加载 "app\vendor\event\EventManager"
[2021-06-28 09:58:12][debug] 加载 "app\vendor\debug\StringUtil"
[2021-06-28 09:58:12][debug] 加载 "app\vendor\core\Clean"
[2021-06-28 09:58:12][debug] 加载 "app\vendor\release\Release"
[2021-06-28 09:58:12][debug] 加载 "app\vendor\release\FileCheck"
[2021-06-28 09:58:13][debug] 加载 "app\vendor\release\File"
[2021-06-28 09:58:33][debug] 加载 "app\vendor\release\Zip"
[2021-06-28 10:01:14][debug] 加载 "app\vendor\debug\Error"
[2021-06-28 10:01:14][debug] 加载 "app\vendor\event\EventManager"
[2021-06-28 10:01:14][debug] 加载 "app\vendor\debug\StringUtil"
[2021-06-28 10:01:14][debug] 加载 "app\vendor\core\Clean"
[2021-06-28 10:01:14][debug] 加载 "app\vendor\release\Release"
[2021-06-28 10:01:14][debug] 加载 "app\vendor\release\FileCheck"
[2021-06-28 10:01:16][debug] 加载 "app\vendor\release\File"
[2021-06-28 10:01:26][debug] 加载 "app\vendor\release\Zip"
[2021-06-28 10:05:46][debug] 加载 "app\vendor\debug\Error"
[2021-06-28 10:05:46][debug] 加载 "app\vendor\event\EventManager"
[2021-06-28 10:05:46][debug] 加载 "app\vendor\debug\StringUtil"
[2021-06-28 10:05:46][debug] 加载 "app\vendor\core\Clean"
[2021-06-28 10:05:46][debug] 加载 "app\vendor\release\Release"
[2021-06-28 10:05:46][debug] 加载 "app\vendor\release\FileCheck"
[2021-06-28 10:05:48][debug] 加载 "app\vendor\release\File"
[2021-06-28 10:06:01][debug] 加载 "app\vendor\release\Zip"
[2021-06-28 10:10:38][debug] 加载 "app\vendor\debug\Error"
[2021-06-28 10:10:38][debug] 加载 "app\vendor\event\EventManager"
[2021-06-28 10:10:38][debug] 加载 "app\vendor\debug\StringUtil"
[2021-06-28 10:10:38][debug] 加载 "app\vendor\core\Clean"
[2021-06-28 10:10:38][debug] 加载 "app\vendor\release\Release"
[2021-06-28 10:10:38][debug] 加载 "app\vendor\release\File"
[2021-06-28 10:10:38][debug] 加载 "app\vendor\release\Zip"
